[2025-11-04T06:16:01.941Z] ::1 GET /
[2025-11-04T06:16:08.988Z] ::1 GET /insert
[2025-11-04T06:16:21.206Z] ::1 GET /products
[2025-11-05T04:42:19.583Z] ::1 GET /
[2025-11-05T04:43:48.965Z] ::1 GET /
[2025-11-05T04:43:50.542Z] ::1 GET /
[2025-11-05T04:44:25.110Z] ::1 GET /
[2025-11-05T04:44:26.291Z] ::1 GET /favicon.ico
[2025-11-05T04:45:09.849Z] ::1 GET /products
[2025-11-05T08:28:06.205Z] ::1 GET /products/68ef9634cf76ab26fde679d0
[2025-11-05T08:28:13.691Z] ::1 GET /product/68ef9634cf76ab26fde679d0
[2025-11-05T08:28:22.701Z] ::1 GET /
[2025-11-05T08:28:25.893Z] ::1 GET /products
[2025-11-05T08:28:32.964Z] ::1 GET /products/create/new
[2025-11-05T08:30:20.452Z] ::1 GET /
[2025-11-05T08:30:24.085Z] ::1 GET /products/expired
[2025-11-05T08:30:33.614Z] ::1 GET /products/less-than-50
[2025-11-05T08:30:37.903Z] ::1 GET /products/create/new
[2025-11-05T08:51:09.423Z] ::1 GET /
[2025-11-05T08:56:39.861Z] ::1 GET /
[2025-11-05T08:56:40.720Z] ::1 GET /products
[2025-11-05T08:56:41.691Z] ::1 GET /products/expired
[2025-11-05T08:56:42.219Z] ::1 GET /products/less-than-50
[2025-11-05T09:00:59.766Z] ::1 GET /products/delete-all
[2025-11-05T09:01:42.080Z] ::1 GET /products/delete-all
[2025-11-05T09:01:52.853Z] ::1 GET /products
[2025-11-05T09:02:02.775Z] ::1 GET /products/delete-all
[2025-11-05T09:02:32.283Z] ::1 GET /products/delete-all
[2025-11-05T09:02:33.922Z] ::1 GET /products/delete-all
[2025-11-05T09:03:09.205Z] ::1 POST /products/delete-all
[2025-11-05T09:03:28.018Z] ::1 POST /products/delete-all
[2025-11-05T09:03:29.975Z] ::1 POST /products/delete-all
[2025-11-05T09:03:52.845Z] ::1 GET /products
[2025-11-05T13:24:51.970Z] ::1 GET /
[2025-11-05T13:24:52.768Z] ::1 GET /favicon.ico
[2025-11-05T13:30:15.550Z] ::1 GET /
[2025-11-05T13:31:47.268Z] ::1 GET /
[2025-11-05T13:32:20.126Z] ::1 GET /
[2025-11-05T13:33:13.563Z] ::1 GET /
[2025-11-05T13:34:15.547Z] ::1 GET /products
[2025-11-05T13:40:34.670Z] ::1 GET /products/delete-all
[2025-11-05T13:40:44.882Z] ::1 GET /products/
[2025-11-05T13:41:55.036Z] ::1 GET /products/
[2025-11-05T13:41:57.530Z] ::1 GET /products/
[2025-11-05T13:42:24.979Z] ::1 GET /products/
[2025-11-05T13:43:25.114Z] ::1 GET /products
[2025-11-05T13:43:33.361Z] ::1 GET /products
[2025-11-05T13:43:56.393Z] ::1 GET /
[2025-11-05T13:45:00.706Z] ::1 GET /insert
[2025-11-05T13:45:01.577Z] ::1 GET /products
[2025-11-05T13:45:43.079Z] ::1 GET /
[2025-11-05T13:45:48.424Z] ::1 GET /products/
[2025-11-05T13:46:00.927Z] ::1 GET /products
[2025-11-05T13:46:17.578Z] ::1 GET /
[2025-11-05T13:46:44.637Z] ::1 GET /products
[2025-11-05T13:46:52.393Z] ::1 GET /products/68ef9634cf76ab26fde679dd
[2025-11-05T13:47:00.739Z] ::1 GET /products/edit/68ef9634cf76ab26fde679dd
[2025-11-05T13:47:16.658Z] ::1 POST /products/delete/68ef9634cf76ab26fde679dd
[2025-11-05T13:47:16.755Z] ::1 GET /products
[2025-11-05T13:47:24.033Z] ::1 POST /products/delete/68ef9634cf76ab26fde679e1
[2025-11-05T13:47:24.137Z] ::1 GET /products
[2025-11-05T13:47:31.044Z] ::1 GET /
[2025-11-05T13:47:33.964Z] ::1 GET /products
[2025-11-05T13:47:36.767Z] ::1 GET /products/68ef9634cf76ab26fde679e6
[2025-11-05T13:47:41.571Z] ::1 GET /products
[2025-11-05T13:51:45.746Z] ::1 GET /products
[2025-11-05T13:53:08.906Z] ::1 GET /products
[2025-11-05T13:53:21.578Z] ::1 GET /products
[2025-11-05T13:53:40.631Z] ::1 GET /products
[2025-11-05T13:54:01.701Z] ::1 GET /products
[2025-11-05T14:02:52.870Z] ::1 GET /products/edit/68ef9634cf76ab26fde679e6
[2025-11-05T14:03:15.554Z] ::1 GET /products/edit/68ef9634cf76ab26fde679e6
[2025-11-05T14:03:22.141Z] ::1 POST /products/delete/68ef9634cf76ab26fde679e6
[2025-11-05T14:03:22.242Z] ::1 GET /products
[2025-11-05T14:03:26.567Z] ::1 GET /products
[2025-11-05T14:03:53.725Z] ::1 GET /products
[2025-11-05T14:04:35.609Z] ::1 GET /products
[2025-11-05T14:04:40.110Z] ::1 GET /products
[2025-11-05T14:05:46.251Z] ::1 GET /products
[2025-11-05T14:05:55.425Z] ::1 GET /products/edit/68ef9634cf76ab26fde679ea
[2025-11-05T14:06:01.024Z] ::1 POST /products/delete/68ef9634cf76ab26fde679ea
[2025-11-05T14:06:01.127Z] ::1 GET /products
[2025-11-05T14:06:21.186Z] ::1 POST /products/delete/68ef9634cf76ab26fde679f5
[2025-11-05T14:06:21.270Z] ::1 GET /products
[2025-11-05T14:06:28.671Z] ::1 POST /products/delete/68ef9634cf76ab26fde67a17
[2025-11-05T14:06:28.759Z] ::1 GET /products
[2025-11-05T14:07:21.956Z] ::1 GET /products/68ef9634cf76ab26fde67a1c
[2025-11-05T14:07:29.714Z] ::1 GET /products
[2025-11-05T14:07:50.482Z] ::1 GET /products/68ef9634cf76ab26fde67a1c
[2025-11-05T14:07:54.127Z] ::1 GET /products/68ef9634cf76ab26fde67a1c
[2025-11-05T14:07:55.267Z] ::1 GET /products/68ef9634cf76ab26fde67a1c
[2025-11-05T14:08:04.710Z] ::1 GET /products/68ef9634cf76ab26fde67a24
[2025-11-05T14:08:06.897Z] ::1 GET /products
[2025-11-05T14:11:37.494Z] ::1 GET /products
[2025-11-05T14:12:34.390Z] ::1 GET /
[2025-11-05T14:12:38.912Z] ::1 GET /product/inrange
[2025-11-05T14:12:53.090Z] ::1 GET /product/inrange
[2025-11-05T14:13:12.442Z] ::1 GET /product/inrange?min=1&max=2&name=Cinnamon+Rolls
[2025-11-05T14:13:18.356Z] ::1 GET /product/inrange?min=1&max=2&name=
[2025-11-05T14:13:48.149Z] ::1 GET /product/inrange?min=1&max=2&name=spicy
[2025-11-05T14:14:25.122Z] ::1 GET /product/inrange?min=1&max=&name=
[2025-11-05T14:19:50.374Z] ::1 GET /product/inrange?min=1&max=&name=
[2025-11-05T14:19:53.585Z] ::1 GET /product/inrange?min=1&max=&name=
[2025-11-05T14:20:50.011Z] ::1 GET /product/inrange?min=1&max=&name=Cinnamon+Rolls
[2025-11-05T14:22:54.985Z] ::1 GET /product/inrange?min=1&max=&name=Cinnamon+Rolls
[2025-11-05T14:22:57.933Z] ::1 GET /product/inrange?min=1&max=&name=Cinnamon+Rolls
[2025-11-05T14:22:59.820Z] ::1 GET /product/inrange?min=1&max=&name=Cinnamon+Rolls
[2025-11-05T14:23:06.133Z] ::1 GET /product/inrange?min=1&max=&name=
[2025-11-05T14:23:07.234Z] ::1 GET /product/inrange?min=1&max=&name=
[2025-11-05T14:23:08.414Z] ::1 GET /product/inrange?min=1&max=&name=
[2025-11-05T14:23:22.230Z] ::1 GET /product/inrange?min=1&max=&name=
[2025-11-05T14:23:28.006Z] ::1 GET /product/inrange?min=1&max=&name=
[2025-11-05T14:23:33.516Z] ::1 GET /product/inrange?min=1&max=&name=
[2025-11-05T14:23:37.539Z] ::1 GET /product/inrange?min=1&max=&name=
[2025-11-05T14:23:43.507Z] ::1 GET /product/inrange?min=1&max=&name=Cinnamon+Rolls
[2025-11-05T14:23:46.321Z] ::1 GET /product/inrange?min=1&max=&name=Cinnamon+Rolls
[2025-11-05T14:23:51.206Z] ::1 GET /product/inrange?min=1&max=&name=
[2025-11-05T14:24:02.737Z] ::1 GET /product/inrange?min=1&max=4&name=
[2025-11-05T14:24:09.330Z] ::1 GET /product/inrange?min=&max=4&name=
[2025-11-05T14:24:16.627Z] ::1 GET /product/inrange?min=1&max=4&name=
[2025-11-05T14:24:21.395Z] ::1 GET /product/inrange?min=1&max=4&name=
[2025-11-05T14:24:33.453Z] ::1 GET /product/inrange?min=1&max=1&name=
[2025-11-05T14:24:37.893Z] ::1 GET /product/inrange?min=1&max=2&name=
[2025-11-05T14:25:02.299Z] ::1 GET /product/inrange?min=1&max=2&name=
[2025-11-05T14:25:05.619Z] ::1 GET /product/inrange?min=1&max=2&name=
[2025-11-05T14:25:07.189Z] ::1 GET /product/inrange?min=1&max=2&name=
[2025-11-05T14:25:08.915Z] ::1 GET /product/inrange?min=1&max=2&name=
[2025-11-05T14:25:15.270Z] ::1 GET /product/inrange?min=1&max=4&name=
[2025-11-05T14:25:20.325Z] ::1 GET /product/inrange?min=1&max=4&name=Cinnamon+Rolls
[2025-11-05T14:25:27.468Z] ::1 GET /
[2025-11-05T14:25:31.079Z] ::1 GET /product/inrange
[2025-11-05T14:25:41.174Z] ::1 GET /product/inrange
[2025-11-05T14:26:01.308Z] ::1 GET /product/inrange
[2025-11-05T14:26:22.190Z] ::1 GET /product/inrange
[2025-11-05T14:26:36.167Z] ::1 GET /product/inrange?min=1&max=4&name=
[2025-11-05T14:27:57.515Z] ::1 GET /product/inrange?min=1&max=4&name=
[2025-11-05T14:28:02.968Z] ::1 GET /
[2025-11-05T14:28:04.525Z] ::1 GET /product/inrange
[2025-11-05T14:28:10.448Z] ::1 GET /product/inrange?min=1&max=2&name=
[2025-11-05T14:28:17.298Z] ::1 GET /product/inrange?min=1&max=2&name=Cinnamon+Rolls
[2025-11-05T14:28:22.099Z] ::1 GET /product/inrange?min=1&max=10&name=Cinnamon+Rolls
[2025-11-05T14:33:14.590Z] ::1 GET /
[2025-11-05T14:33:34.735Z] ::1 GET /product/inrange
[2025-11-05T14:33:38.585Z] ::1 GET /
[2025-11-05T14:33:48.691Z] ::1 GET /products/create/new
[2025-11-05T14:34:19.669Z] ::1 GET /
[2025-11-05T14:34:22.171Z] ::1 GET /products/expired
[2025-11-05T14:36:21.432Z] ::1 GET /products
[2025-11-05T14:36:23.966Z] ::1 GET /products/68ef9634cf76ab26fde67a1c
[2025-11-05T14:36:27.022Z] ::1 GET /products
[2025-11-05T14:37:29.411Z] ::1 GET /
[2025-11-05T14:37:31.834Z] ::1 GET /products/expired
[2025-11-05T14:45:50.735Z] ::1 GET /products/expired
[2025-11-05T14:45:52.948Z] ::1 GET /products/expired
[2025-11-05T14:45:55.844Z] ::1 GET /products/expired
[2025-11-05T14:45:59.787Z] ::1 GET /products
[2025-11-05T14:46:05.422Z] ::1 GET /products/expired
[2025-11-05T14:46:15.024Z] ::1 GET /insert
[2025-11-05T14:46:15.810Z] ::1 GET /products
[2025-11-05T14:46:25.122Z] ::1 GET /insert
[2025-11-05T14:46:25.518Z] ::1 GET /products
[2025-11-05T14:47:24.308Z] ::1 GET /products/expired
[2025-11-05T14:47:26.655Z] ::1 GET /products/expired
[2025-11-05T14:47:27.720Z] ::1 GET /products/expired
[2025-11-05T14:47:30.286Z] ::1 GET /product/inrange
[2025-11-05T14:47:33.724Z] ::1 GET /
[2025-11-05T14:47:35.492Z] ::1 GET /product/inrange
[2025-11-05T14:48:25.895Z] ::1 GET /product/inrange
[2025-11-05T14:48:30.418Z] ::1 GET /product/inrange
[2025-11-05T14:48:33.193Z] ::1 GET /product/inrange
[2025-11-05T14:48:35.321Z] ::1 GET /
[2025-11-05T14:48:36.542Z] ::1 GET /
[2025-11-05T14:48:46.564Z] ::1 GET /product/expired
[2025-11-05T14:49:54.261Z] ::1 GET /product/expired
[2025-11-05T14:50:18.520Z] ::1 GET /product/expired
[2025-11-05T14:50:52.166Z] ::1 GET /product/expired
[2025-11-05T14:51:04.779Z] ::1 POST /products/delete-expired
[2025-11-05T14:52:12.678Z] ::1 GET /product/expired
[2025-11-05T14:52:18.366Z] ::1 POST /products/delete/68ef9634cf76ab26fde67a1e
[2025-11-05T14:52:18.465Z] ::1 GET /products
[2025-11-05T14:52:55.930Z] ::1 GET /
[2025-11-05T14:53:01.174Z] ::1 GET /products/less-than-50
[2025-11-05T14:53:10.598Z] ::1 GET /products/create/new
[2025-11-05T14:53:51.459Z] ::1 GET /product/inrange
[2025-11-05T14:53:54.820Z] ::1 GET /product/inrange?min=&max=&name=Cinnamon+Rolls
[2025-11-05T14:55:17.383Z] ::1 GET /
[2025-11-05T14:55:19.038Z] ::1 GET /product/expired
[2025-11-05T14:55:26.355Z] ::1 POST /products/delete-expired
[2025-11-05T14:56:05.927Z] ::1 POST /products/delete-expired
[2025-11-05T14:56:15.376Z] ::1 POST /products/delete-expired
[2025-11-05T14:56:20.033Z] ::1 POST /products/delete-expired
[2025-11-05T14:56:30.510Z] ::1 GET /product/expired
[2025-11-05T14:56:43.885Z] ::1 POST /products/delete-expired
[2025-11-05T15:14:09.170Z] ::1 GET /
[2025-11-05T15:14:12.824Z] ::1 GET /products/create/new
[2025-11-05T15:15:06.942Z] ::1 POST /products/create
[2025-11-05T15:15:07.067Z] ::1 GET /products
[2025-11-05T15:15:17.579Z] ::1 GET /products/690b69fac6e4d9943bc536a5
[2025-11-05T15:15:29.501Z] ::1 GET /products
[2025-11-05T15:25:02.359Z] ::1 POST /products/delete/690b69fac6e4d9943bc536a5
[2025-11-05T15:25:02.512Z] ::1 GET /products
[2025-11-05T15:25:11.138Z] ::1 GET /
[2025-11-05T15:25:19.812Z] ::1 GET /products
[2025-11-05T15:25:26.611Z] ::1 GET /insert
[2025-11-05T15:25:27.557Z] ::1 GET /products
[2025-11-05T15:25:32.171Z] ::1 GET /
[2025-11-05T15:25:33.649Z] ::1 GET /products
[2025-11-05T15:25:44.305Z] ::1 GET /products/create/new
[2025-11-05T15:26:00.062Z] ::1 POST /products/create
[2025-11-05T15:26:00.158Z] ::1 GET /products
[2025-11-05T15:26:03.962Z] ::1 GET /
[2025-11-05T15:26:27.938Z] ::1 GET /products/less-than-50
[2025-11-05T15:34:11.725Z] ::1 GET /products/less-than-50
[2025-11-05T15:34:57.597Z] ::1 GET /products/less-than-50
[2025-11-05T15:34:59.030Z] ::1 GET /products/less-than-50
[2025-11-05T15:35:02.993Z] ::1 GET /products/less-than-50
[2025-11-05T15:35:30.301Z] ::1 GET /products/less-than-50
[2025-11-05T15:36:10.221Z] ::1 GET /products/less-than-50
[2025-11-05T15:36:12.431Z] ::1 GET /products/less-than-50
[2025-11-05T15:36:17.066Z] ::1 GET /product/expired
[2025-11-05T15:36:20.972Z] ::1 GET /
[2025-11-05T15:36:22.957Z] ::1 GET /product/less-than-50
[2025-11-05T15:36:36.116Z] ::1 GET /
[2025-11-05T15:36:37.804Z] ::1 GET /product/less-than-50
[2025-11-05T15:37:16.082Z] ::1 GET /product/less-than-50
[2025-11-05T15:37:18.210Z] ::1 GET /product/less-than-50
[2025-11-05T15:37:21.267Z] ::1 GET /product/less-than-50
[2025-11-05T15:38:24.052Z] ::1 GET /product/less-than-50
[2025-11-05T15:38:49.699Z] ::1 GET /
[2025-11-05T15:38:54.720Z] ::1 GET /products/create/new
[2025-11-05T16:04:15.598Z] ::1 GET /product/inrange
[2025-11-05T16:04:19.321Z] ::1 GET /product/inrange?min=&max=&name=Cinnamon+Rolls
[2025-11-05T16:04:22.079Z] ::1 GET /
[2025-11-05T16:15:02.085Z] ::1 GET /product/expired
[2025-11-05T16:15:07.534Z] ::1 POST /products/delete-expired
[2025-11-05T16:15:17.314Z] ::1 POST /products/delete-expired
[2025-11-05T16:15:18.867Z] ::1 GET /
[2025-11-05T16:15:22.391Z] ::1 GET /product/expired
[2025-11-05T16:15:25.307Z] ::1 GET /
[2025-11-05T16:15:27.502Z] ::1 GET /insert
[2025-11-05T16:15:28.720Z] ::1 GET /products
[2025-11-05T16:15:31.914Z] ::1 GET /
[2025-11-05T16:15:40.059Z] ::1 GET /product/expired
[2025-11-05T16:15:47.061Z] ::1 POST /products/delete-expired
[2025-11-05T16:17:17.343Z] ::1 POST /products/delete-expired
[2025-11-05T16:17:29.322Z] ::1 POST /products/delete-expired
[2025-11-05T16:17:35.962Z] ::1 POST /products/delete-expired
[2025-11-05T16:18:50.522Z] ::1 POST /products/delete-expired
[2025-11-05T16:18:57.028Z] ::1 GET /product/expired
[2025-11-05T16:18:59.108Z] ::1 GET /
[2025-11-05T16:19:00.793Z] ::1 GET /insert
[2025-11-05T16:19:01.412Z] ::1 GET /products
[2025-11-05T16:19:03.674Z] ::1 GET /
[2025-11-05T16:19:06.181Z] ::1 GET /product/expired
[2025-11-05T16:19:09.862Z] ::1 POST /products/delete-expired
[2025-11-05T16:19:25.789Z] ::1 POST /products/delete-expired
[2025-11-05T16:19:26.647Z] ::1 GET /product/expired
[2025-11-05T16:19:29.484Z] ::1 GET /
[2025-11-05T16:19:31.612Z] ::1 GET /insert
[2025-11-05T16:19:32.747Z] ::1 GET /products
[2025-11-05T16:19:35.789Z] ::1 GET /
[2025-11-05T16:19:39.602Z] ::1 GET /product/expired
[2025-11-05T16:19:50.110Z] ::1 POST /products/delete-expired
[2025-11-05T16:19:50.353Z] ::1 GET /product/expired
[2025-11-05T16:20:03.719Z] ::1 POST /products/delete-expired
[2025-11-05T16:20:03.931Z] ::1 GET /product/expired
[2025-11-05T16:20:05.746Z] ::1 GET /
[2025-11-05T16:20:09.641Z] ::1 GET /products/create/new
[2025-11-05T16:20:32.743Z] ::1 POST /products/create
[2025-11-05T16:20:32.919Z] ::1 GET /products
[2025-11-05T16:20:35.643Z] ::1 GET /
[2025-11-05T16:20:37.669Z] ::1 GET /insert
[2025-11-05T16:20:38.247Z] ::1 GET /products
[2025-11-05T16:20:50.704Z] ::1 GET /
[2025-11-05T16:20:53.778Z] ::1 GET /product/expired
[2025-11-05T16:21:00.775Z] ::1 POST /products/delete-expired
[2025-11-05T16:21:01.064Z] ::1 GET /product/expired
[2025-11-05T16:21:03.930Z] ::1 GET /
[2025-11-05T16:21:05.710Z] ::1 GET /products
[2025-11-05T16:21:19.088Z] ::1 GET /
[2025-11-05T16:21:20.734Z] ::1 GET /insert
[2025-11-05T16:21:21.095Z] ::1 GET /products
[2025-11-05T16:21:23.833Z] ::1 GET /
[2025-11-05T16:21:25.329Z] ::1 GET /products
[2025-11-05T16:21:29.029Z] ::1 GET /
[2025-11-05T16:21:32.944Z] ::1 GET /product/expired
[2025-11-05T16:21:37.431Z] ::1 POST /products/delete-expired
[2025-11-05T16:21:37.724Z] ::1 GET /product/expired
[2025-11-05T16:21:39.463Z] ::1 GET /
[2025-11-05T16:21:41.272Z] ::1 GET /products
[2025-11-05T16:21:46.773Z] ::1 GET /
[2025-11-05T16:21:48.152Z] ::1 GET /insert
[2025-11-05T16:21:48.518Z] ::1 GET /products
[2025-11-05T16:21:59.028Z] ::1 GET /
[2025-11-05T16:36:17.342Z] ::1 GET /products/create/new
[2025-11-05T16:36:42.208Z] ::1 GET /products
[2025-11-05T16:36:45.694Z] ::1 GET /
[2025-11-05T16:36:48.344Z] ::1 GET /products/update-prices
[2025-11-05T16:39:20.389Z] ::1 GET /products/update-prices
[2025-11-05T16:39:22.247Z] ::1 GET /products/update-prices
[2025-11-05T16:39:25.339Z] ::1 GET /products/update-prices
[2025-11-05T16:39:43.275Z] ::1 GET /products/update-prices
[2025-11-05T16:39:44.134Z] ::1 GET /products/update-prices
[2025-11-05T16:39:44.360Z] ::1 GET /products/update-prices
[2025-11-05T16:39:55.852Z] ::1 GET /products/update-prices
[2025-11-05T16:39:58.434Z] ::1 GET /products/update-prices
[2025-11-05T16:40:48.018Z] ::1 GET /products/update-prices
[2025-11-05T16:40:51.415Z] ::1 GET /products/update-prices
[2025-11-05T16:40:55.539Z] ::1 GET /products/update-prices
[2025-11-05T16:41:39.688Z] ::1 GET /products/update-prices
[2025-11-05T16:44:22.848Z] ::1 GET /products/update-prices
[2025-11-05T16:45:12.823Z] ::1 GET /products/update-prices
[2025-11-05T16:46:16.234Z] ::1 GET /products/update-prices
[2025-11-05T16:46:19.110Z] ::1 GET /products/update-prices
[2025-11-05T16:49:56.063Z] ::1 GET /products/update-prices
[2025-11-05T16:51:05.266Z] ::1 GET /products/update-prices
[2025-11-05T16:51:06.493Z] ::1 GET /products/update-prices
[2025-11-05T16:51:09.186Z] ::1 GET /products/update-prices
[2025-11-05T16:51:43.929Z] ::1 GET /products/update-prices
[2025-11-05T16:51:47.397Z] ::1 GET /products/update-prices
[2025-11-05T16:52:18.100Z] ::1 GET /products/update-prices
[2025-11-05T16:52:21.342Z] ::1 GET /
[2025-11-05T16:52:23.284Z] ::1 GET /product/less-than-50
[2025-11-05T16:52:35.751Z] ::1 GET /
[2025-11-05T16:52:37.741Z] ::1 GET /products/update-prices
[2025-11-05T16:52:40.111Z] ::1 GET /products/update-prices
[2025-11-05T16:52:43.275Z] ::1 GET /products/update-prices
[2025-11-05T16:54:08.753Z] ::1 GET /products/update-prices
[2025-11-05T16:54:10.168Z] ::1 GET /products/update-prices
[2025-11-05T16:54:13.288Z] ::1 GET /
[2025-11-05T16:54:14.787Z] ::1 GET /products/update-price
[2025-11-05T16:54:42.132Z] ::1 GET /products/update-price
[2025-11-05T16:54:45.576Z] ::1 GET /products/update-price
[2025-11-05T16:54:49.048Z] ::1 GET /
[2025-11-05T16:54:51.182Z] ::1 GET /product/less-than-50
[2025-11-05T16:54:56.259Z] ::1 GET /
[2025-11-05T16:55:23.712Z] ::1 GET /
[2025-11-05T16:55:25.664Z] ::1 GET /product/update-price
[2025-11-05T16:56:17.218Z] ::1 GET /product/update-price
[2025-11-05T16:57:15.412Z] ::1 GET /
[2025-11-05T16:57:16.838Z] ::1 GET /product/update-price
[2025-11-05T16:59:43.359Z] ::1 GET /product/update-price
[2025-11-05T17:02:47.028Z] ::1 GET /product/update-price
[2025-11-05T17:02:50.752Z] ::1 GET /product/update-price
[2025-11-05T17:02:53.054Z] ::1 GET /product/update-price
[2025-11-05T17:02:54.539Z] ::1 GET /product/update-price
[2025-11-05T17:02:55.500Z] ::1 GET /product/update-price
[2025-11-05T17:02:55.720Z] ::1 GET /product/update-price
[2025-11-05T17:02:55.939Z] ::1 GET /product/update-price
[2025-11-05T17:05:18.445Z] ::1 GET /product/update-price
[2025-11-05T17:05:21.539Z] ::1 GET /product/update-price
[2025-11-05T17:05:42.105Z] ::1 GET /product/update-price
[2025-11-05T17:08:26.853Z] ::1 GET /product/update-price
[2025-11-05T17:08:29.369Z] ::1 GET /product/update-price
[2025-11-05T17:08:32.744Z] ::1 GET /product/update-price
[2025-11-05T17:09:49.619Z] ::1 GET /product/update-price
[2025-11-05T17:10:23.829Z] ::1 PUT /products/update-prices
[2025-11-05T17:10:50.741Z] ::1 PUT /products/update-prices
[2025-11-05T17:11:31.550Z] ::1 PUT /products/update-prices
[2025-11-05T17:13:11.534Z] ::1 GET /product/update-price
[2025-11-05T17:13:14.980Z] ::1 GET /
[2025-11-05T17:13:16.700Z] ::1 GET /products
[2025-11-05T17:13:32.961Z] ::1 GET /
[2025-11-05T17:16:02.128Z] ::1 GET /
[2025-11-05T17:16:04.260Z] ::1 GET /product/update-price
[2025-11-05T17:16:06.774Z] ::1 GET /
[2025-11-05T17:16:08.696Z] ::1 GET /
[2025-11-05T17:16:11.074Z] ::1 GET /product/update-price
[2025-11-05T17:18:02.076Z] ::1 PUT /products/update-prices
[2025-11-05T17:29:44.580Z] ::1 GET /
[2025-11-05T17:29:46.986Z] ::1 GET /products
[2025-11-05T17:29:50.366Z] ::1 GET /
[2025-11-05T17:29:51.529Z] ::1 GET /product/inrange
[2025-11-05T17:29:58.262Z] ::1 GET /product/inrange?min=&max=&name=bag
[2025-11-05T17:30:28.305Z] ::1 GET /
[2025-11-05T17:30:35.499Z] ::1 GET /product/expired
[2025-11-05T17:32:03.430Z] ::1 POST /products/delete-expired
[2025-11-05T17:32:03.636Z] ::1 GET /product/expired
[2025-11-05T17:32:05.678Z] ::1 GET /
[2025-11-05T17:32:09.184Z] ::1 GET /product/update-price
[2025-11-05T17:32:21.073Z] ::1 PUT /products/update-prices
[2025-11-05T17:32:23.119Z] ::1 GET /
[2025-11-05T17:32:25.636Z] ::1 GET /products
[2025-11-05T17:32:28.356Z] ::1 GET /
[2025-11-05T17:32:30.659Z] ::1 GET /product/less-than-50
[2025-11-05T17:32:34.347Z] ::1 GET /
